(electron) 'getName function' is deprecated and will be removed. Please use 'name property' instead.
Not disabling GPU
Main~createDefaultWorkingDir - Default working dir creation already attempted
1622256363392 main info "Booting Postman 7.36.5, linux-5.4.0-73-generic on x64"
1622256363392 main info "EventBus~initialize - Success"
1622256363394 main warn "CloudProxyManager~init: Error while reading proxy configuration from user data - ",{"errno":-2,"code":"ENOENT","syscall":"open","path":"/home/qejo/.config/Postman/Postman_Config/proxy","name":"Error","message":"ENOENT: no such file or directory, open '/home/qejo/.config/Postman/Postman_Config/proxy'","stack":"Error: ENOENT: no such file or directory, open '/home/qejo/.config/Postman/Postman_Config/proxy'"}
1622256363394 main info "CloudProxyManager~init - Success"
1622256363397 main info "UpdateHandler~init - Success"
1622256363630 main info "RuntimeIPCAgent~started: Success"
1622256363701 main info "LinuxAutoUpdater~Cleanup - Initial cleanup successful"
1622256363732 main info "Bootstrap-models~bootstrap - Success"
1622256363894 main info "window-manager~newSharedWindow: Shell loaded"
1622256365532 main info "Main~AppEvents - Received booted event for process shared"
1622256367052 main info "UpdateHandler~app-update-events - Received event",{"name":"checkForElectronVersionUpdated","namespace":"appUpdate"}
INTERCEPTOR CONNECTIVITY: Connecting to Interceptor Bridge
InterceptorBridge: Trying to connect Native App IPC~Interceptor Bridge
1622256367061 main info "Main~AppEvents - Received booted event for process requester"
IPCClient ~ WindowHandler: New event is received { type: 'window-opened' }
(electron) 'getName function' is deprecated and will be removed. Please use 'name property' instead.
Not disabling GPU
Main~createDefaultWorkingDir - Default working dir creation already attempted
1627423110843 main info "Booting Postman 7.36.5, linux-5.4.0-80-generic on x64"
1627423110843 main info "EventBus~initialize - Success"
1627423110845 main warn "CloudProxyManager~init: Error while reading proxy configuration from user data - ",{"errno":-2,"code":"ENOENT","syscall":"open","path":"/home/qejo/.config/Postman/Postman_Config/proxy","name":"Error","message":"ENOENT: no such file or directory, open '/home/qejo/.config/Postman/Postman_Config/proxy'","stack":"Error: ENOENT: no such file or directory, open '/home/qejo/.config/Postman/Postman_Config/proxy'"}
1627423110845 main info "CloudProxyManager~init - Success"
1627423110848 main info "UpdateHandler~init - Success"
1627423111089 main info "RuntimeIPCAgent~started: Success"
1627423111162 main info "LinuxAutoUpdater~Cleanup - Initial cleanup successful"
1627423111193 main info "Bootstrap-models~bootstrap - Success"
1627423111386 main info "window-manager~newSharedWindow: Shell loaded"
1627423113055 main info "Main~AppEvents - Received booted event for process shared"
1627423114606 main info "UpdateHandler~app-update-events - Received event",{"name":"checkForElectronVersionUpdated","namespace":"appUpdate"}
INTERCEPTOR CONNECTIVITY: Connecting to Interceptor Bridge
InterceptorBridge: Trying to connect Native App IPC~Interceptor Bridge
1627423114615 main info "Main~AppEvents - Received booted event for process requester"
IPCClient ~ WindowHandler: New event is received { type: 'window-opened' }
1627430872002 main info "Quitting app"
